<?xml version="1.0" encoding="UTF-8"?>
<testng-results ignored="0" total="1" passed="1" failed="0" skipped="0">
  <reporter-output>
  </reporter-output>
  <suite started-at="2024-06-09T22:36:19 IST" name="Surefire suite" finished-at="2024-06-09T22:36:34 IST" duration-ms="15355">
    <groups>
      <group name="Test_2_valid_login">
        <method signature="Test_2_valid_login.test2()[pri:0, instance:Jenkins.ProjectNew.Test_2_valid_login@710f4dc7]" name="test2" class="Jenkins.ProjectNew.Test_2_valid_login"/>
      </group> <!-- Test_2_valid_login -->
    </groups>
    <test started-at="2024-06-09T22:36:19 IST" name="Surefire test" finished-at="2024-06-09T22:36:34 IST" duration-ms="15355">
      <class name="Jenkins.ProjectNew.Test_2_valid_login">
        <test-method is-config="true" signature="launch()[pri:0, instance:Jenkins.ProjectNew.Test_2_valid_login@710f4dc7]" started-at="2024-06-09T22:36:19 IST" name="launch" finished-at="2024-06-09T22:36:27 IST" duration-ms="8203" status="PASS">
          <reporter-output>
          </reporter-output>
        </test-method> <!-- launch -->
        <test-method signature="test2()[pri:0, instance:Jenkins.ProjectNew.Test_2_valid_login@710f4dc7]" started-at="2024-06-09T22:36:27 IST" name="test2" finished-at="2024-06-09T22:36:34 IST" duration-ms="7056" status="PASS">
          <reporter-output>
          </reporter-output>
        </test-method> <!-- test2 -->
        <test-method is-config="true" signature="quit()[pri:0, instance:Jenkins.ProjectNew.Test_2_valid_login@710f4dc7]" started-at="2024-06-09T22:36:34 IST" name="quit" finished-at="2024-06-09T22:36:34 IST" duration-ms="1" status="PASS">
          <reporter-output>
          </reporter-output>
        </test-method> <!-- quit -->
      </class> <!-- Jenkins.ProjectNew.Test_2_valid_login -->
    </test> <!-- Surefire test -->
  </suite> <!-- Surefire suite -->
</testng-results>
